<?xml version="1.0" encoding="UTF-8"?>
<!-- Generated by org.testng.reporters.JUnitReportReporter -->
<testsuite hostname="mgs" name="automationFramework.TestNGGroupingEx" tests="5" failures="0" timestamp="15 Jun 2016 15:16:45 GMT" time="0.066" errors="0">
  <testcase name="Scooter1" time="0.002" classname="automationFramework.TestNGGroupingEx"/>
  <testcase name="Car1" time="0.049" classname="automationFramework.TestNGGroupingEx"/>
  <testcase name="Sedan1" time="0.002" classname="automationFramework.TestNGGroupingEx"/>
  <testcase name="Car2" time="0.004" classname="automationFramework.TestNGGroupingEx"/>
  <testcase name="Scooter2" time="0.009" classname="automationFramework.TestNGGroupingEx"/>
</testsuite> <!-- automationFramework.TestNGGroupingEx -->
