<?xml version="1.0" encoding="UTF-8"?>
<!-- Generated by org.testng.reporters.JUnitReportReporter -->
<testsuite hostname="mgs" name="automationFramework.TestNGMultiple" tests="4" failures="0" timestamp="15 Jun 2016 16:16:47 GMT" time="0.064" errors="0">
  <testcase name="Three" time="0.002" classname="automationFramework.TestNGMultiple"/>
  <testcase name="Four" time="0.058" classname="automationFramework.TestNGMultiple"/>
  <testcase name="Two" time="0.002" classname="automationFramework.TestNGMultiple"/>
  <testcase name="One" time="0.002" classname="automationFramework.TestNGMultiple"/>
</testsuite> <!-- automationFramework.TestNGMultiple -->
