<?xml version="1.0" encoding="UTF-8"?>
<!-- Generated by org.testng.reporters.JUnitReportReporter -->
<testsuite hostname="mgs" name="automationFramework.TestNGMultiplePrioritySkip" tests="3" failures="0" timestamp="15 Jun 2016 16:33:36 GMT" time="0.059" errors="0">
  <testcase name="Four" time="0.005" classname="automationFramework.TestNGMultiplePrioritySkip"/>
  <testcase name="One" time="0.050" classname="automationFramework.TestNGMultiplePrioritySkip"/>
  <testcase name="Two" time="0.004" classname="automationFramework.TestNGMultiplePrioritySkip"/>
</testsuite> <!-- automationFramework.TestNGMultiplePrioritySkip -->
