<?xml version="1.0" encoding="UTF-8"?>
<!-- Generated by org.testng.reporters.JUnitReportReporter -->
<testsuite hostname="mgs" name="automationFramework.TestNGMultiplePriority" tests="4" failures="0" timestamp="15 Jun 2016 16:25:46 GMT" time="0.068" errors="0">
  <testcase name="Three" time="0.010" classname="automationFramework.TestNGMultiplePriority"/>
  <testcase name="One" time="0.054" classname="automationFramework.TestNGMultiplePriority"/>
  <testcase name="Four" time="0.002" classname="automationFramework.TestNGMultiplePriority"/>
  <testcase name="Two" time="0.002" classname="automationFramework.TestNGMultiplePriority"/>
</testsuite> <!-- automationFramework.TestNGMultiplePriority -->
