<?xml version="1.0" encoding="UTF-8"?>
<!-- Generated by org.testng.reporters.JUnitReportReporter -->
<testsuite hostname="mgs" name="automationFramework.TestListener" tests="1" failures="0" timestamp="17 Jun 2016 14:56:53 GMT" time="0.034" errors="0">
  <testcase name="main" time="0.034" classname="automationFramework.TestListener"/>
</testsuite> <!-- automationFramework.TestListener -->
